<?xml version="1.0" encoding="UTF-8"?>
<!-- Generated by org.testng.reporters.JUnitReportReporter -->
<testsuite hostname="ACER" failures="0" tests="28" name="TestNG_Pack.CreateAcc_TestClass" time="10.637" errors="3" timestamp="2023-06-03T12:15:11 IST" skipped="25">
  <testcase classname="TestNG_Pack.CreateAcc_TestClass" name="afterMethod" time="6.000">
    <error message="Tried to run command without establishing a connection
Build info: version: &#039;4.0.0&#039;, revision: &#039;3a21814679&#039;
System info: host: &#039;ACER&#039;, ip: &#039;192.168.43.147&#039;, os.name: &#039;Windows 11&#039;, os.arch: &#039;amd64&#039;, os.version: &#039;10.0&#039;, java.version: &#039;17.0.5&#039;
Driver info: org.openqa.selenium.firefox.FirefoxDriver
Command: [0c9d2d27-d6b0-49ab-98f2-8ce35caf9d39, screenshot {}]
Capabilities {acceptInsecureCerts: true, browserName: firefox, browserVersion: 113.0.2, javascriptEnabled: true, moz:accessibilityChecks: false, moz:buildID: 20230522134052, moz:debuggerAddress: 127.0.0.1:55830, moz:geckodriverVersion: 0.32.2, moz:headless: false, moz:platformVersion: 10.0, moz:processID: 11044, moz:profile: C:\Users\sanja\AppData\Loca..., moz:shutdownTimeout: 60000, moz:useNonSpecCompliantPointerOrigin: false, moz:webdriverClick: true, moz:windowless: false, pageLoadStrategy: normal, platform: WINDOWS, platformName: WINDOWS, proxy: Proxy(), se:cdp: ws://127.0.0.1:55830/devtoo..., se:cdpVersion: 85, setWindowRect: true, strictFileInteractability: false, timeouts: {implicit: 0, pageLoad: 300000, script: 30000}, unhandledPromptBehavior: dismiss and notify}
Session ID: 0c9d2d27-d6b0-49ab-98f2-8ce35caf9d39" type="org.openqa.selenium.NoSuchSessionException">
      <![CDATA[org.openqa.selenium.NoSuchSessionException: Tried to run command without establishing a connection
Build info: version: '4.0.0', revision: '3a21814679'
System info: host: 'ACER', ip: '192.168.43.147', os.name: 'Windows 11', os.arch: 'amd64', os.version: '10.0', java.version: '17.0.5'
Driver info: org.openqa.selenium.firefox.FirefoxDriver
Command: [0c9d2d27-d6b0-49ab-98f2-8ce35caf9d39, screenshot {}]
Capabilities {acceptInsecureCerts: true, browserName: firefox, browserVersion: 113.0.2, javascriptEnabled: true, moz:accessibilityChecks: false, moz:buildID: 20230522134052, moz:debuggerAddress: 127.0.0.1:55830, moz:geckodriverVersion: 0.32.2, moz:headless: false, moz:platformVersion: 10.0, moz:processID: 11044, moz:profile: C:\Users\sanja\AppData\Loca..., moz:shutdownTimeout: 60000, moz:useNonSpecCompliantPointerOrigin: false, moz:webdriverClick: true, moz:windowless: false, pageLoadStrategy: normal, platform: WINDOWS, platformName: WINDOWS, proxy: Proxy(), se:cdp: ws://127.0.0.1:55830/devtoo..., se:cdpVersion: 85, setWindowRect: true, strictFileInteractability: false, timeouts: {implicit: 0, pageLoad: 300000, script: 30000}, unhandledPromptBehavior: dismiss and notify}
Session ID: 0c9d2d27-d6b0-49ab-98f2-8ce35caf9d39
at java.base/jdk.internal.reflect.NativeConstructorAccessorImpl.newInstance0(Native Method)
at java.base/jdk.internal.reflect.NativeConstructorAccessorImpl.newInstance(NativeConstructorAccessorImpl.java:77)
at java.base/jdk.internal.reflect.DelegatingConstructorAccessorImpl.newInstance(DelegatingConstructorAccessorImpl.java:45)
at java.base/java.lang.reflect.Constructor.newInstanceWithCaller(Constructor.java:499)
at java.base/java.lang.reflect.Constructor.newInstance(Constructor.java:480)
at org.openqa.selenium.remote.codec.w3c.W3CHttpResponseCodec.createException(W3CHttpResponseCodec.java:200)
at org.openqa.selenium.remote.codec.w3c.W3CHttpResponseCodec.decode(W3CHttpResponseCodec.java:133)
at org.openqa.selenium.remote.codec.w3c.W3CHttpResponseCodec.decode(W3CHttpResponseCodec.java:53)
at org.openqa.selenium.remote.HttpCommandExecutor.execute(HttpCommandExecutor.java:184)
at org.openqa.selenium.remote.service.DriverCommandExecutor.invokeExecute(DriverCommandExecutor.java:164)
at org.openqa.selenium.remote.service.DriverCommandExecutor.execute(DriverCommandExecutor.java:139)
at org.openqa.selenium.remote.RemoteWebDriver.execute(RemoteWebDriver.java:559)
at org.openqa.selenium.remote.RemoteWebDriver.execute(RemoteWebDriver.java:614)
at org.openqa.selenium.remote.RemoteWebDriver.execute(RemoteWebDriver.java:618)
at org.openqa.selenium.remote.RemoteWebDriver.getScreenshotAs(RemoteWebDriver.java:349)
at Utils.Utility.captureScreenshot(Utility.java:27)
at TestNG_Pack.CreateAcc_TestClass.afterMethod(CreateAcc_TestClass.java:433)
at java.base/jdk.internal.reflect.NativeMethodAccessorImpl.invoke0(Native Method)
at java.base/jdk.internal.reflect.NativeMethodAccessorImpl.invoke(NativeMethodAccessorImpl.java:77)
at java.base/jdk.internal.reflect.DelegatingMethodAccessorImpl.invoke(DelegatingMethodAccessorImpl.java:43)
at java.base/java.lang.reflect.Method.invoke(Method.java:568)
at org.testng.internal.MethodInvocationHelper.invokeMethod(MethodInvocationHelper.java:133)
at org.testng.internal.MethodInvocationHelper.invokeMethodConsideringTimeout(MethodInvocationHelper.java:62)
at org.testng.internal.ConfigInvoker.invokeConfigurationMethod(ConfigInvoker.java:385)
at org.testng.internal.ConfigInvoker.invokeConfigurations(ConfigInvoker.java:321)
at org.testng.internal.TestInvoker.runConfigMethods(TestInvoker.java:700)
at org.testng.internal.TestInvoker.runAfterGroupsConfigurations(TestInvoker.java:676)
at org.testng.internal.TestInvoker.invokeMethod(TestInvoker.java:660)
at org.testng.internal.TestInvoker.invokeTestMethod(TestInvoker.java:173)
at org.testng.internal.MethodRunner.runInSequence(MethodRunner.java:46)
at org.testng.internal.TestInvoker$MethodInvocationAgent.invoke(TestInvoker.java:824)
at org.testng.internal.TestInvoker.invokeTestMethods(TestInvoker.java:146)
at org.testng.internal.TestMethodWorker.invokeTestMethods(TestMethodWorker.java:146)
at org.testng.internal.TestMethodWorker.run(TestMethodWorker.java:128)
at java.base/java.util.concurrent.ThreadPoolExecutor.runWorker(ThreadPoolExecutor.java:1136)
at java.base/java.util.concurrent.ThreadPoolExecutor$Worker.run(ThreadPoolExecutor.java:635)
at java.base/java.lang.Thread.run(Thread.java:833)
]]>
    </error>
  </testcase> <!-- afterMethod -->
  <system-out/>
  <testcase classname="TestNG_Pack.CreateAcc_TestClass" name="Open_the_Application" time="4.553">
    <error message="Error communicating with the remote browser. It may have died.
Build info: version: &#039;4.0.0&#039;, revision: &#039;3a21814679&#039;
System info: host: &#039;ACER&#039;, ip: &#039;192.168.43.147&#039;, os.name: &#039;Windows 11&#039;, os.arch: &#039;amd64&#039;, os.version: &#039;10.0&#039;, java.version: &#039;17.0.5&#039;
Driver info: org.openqa.selenium.chrome.ChromeDriver
Command: [28f61eaf4b7adefd692c8ad90f63907b, get {url=https://dev340.blockarmour.com/}]
Capabilities {acceptInsecureCerts: false, browserName: chrome, browserVersion: 114.0.5735.90, chrome: {chromedriverVersion: 113.0.5672.63 (0e1a4471d5ae..., userDataDir: C:\Users\sanja\AppData\Loca...}, goog:chromeOptions: {debuggerAddress: localhost:61856}, javascriptEnabled: true, networkConnectionEnabled: false, pageLoadStrategy: normal, platform: WINDOWS, platformName: WINDOWS, proxy: Proxy(), se:cdp: ws://localhost:61856/devtoo..., se:cdpVersion: 114.0.5735.90, setWindowRect: true, strictFileInteractability: false, timeouts: {implicit: 0, pageLoad: 300000, script: 30000}, unhandledPromptBehavior: dismiss and notify, webauthn:extension:credBlob: true, webauthn:extension:largeBlob: true, webauthn:extension:minPinLength: true, webauthn:extension:prf: true, webauthn:virtualAuthenticators: true}
Session ID: 28f61eaf4b7adefd692c8ad90f63907b" type="org.openqa.selenium.remote.UnreachableBrowserException">
      <![CDATA[org.openqa.selenium.remote.UnreachableBrowserException: Error communicating with the remote browser. It may have died.
Build info: version: '4.0.0', revision: '3a21814679'
System info: host: 'ACER', ip: '192.168.43.147', os.name: 'Windows 11', os.arch: 'amd64', os.version: '10.0', java.version: '17.0.5'
Driver info: org.openqa.selenium.chrome.ChromeDriver
Command: [28f61eaf4b7adefd692c8ad90f63907b, get {url=https://dev340.blockarmour.com/}]
Capabilities {acceptInsecureCerts: false, browserName: chrome, browserVersion: 114.0.5735.90, chrome: {chromedriverVersion: 113.0.5672.63 (0e1a4471d5ae..., userDataDir: C:\Users\sanja\AppData\Loca...}, goog:chromeOptions: {debuggerAddress: localhost:61856}, javascriptEnabled: true, networkConnectionEnabled: false, pageLoadStrategy: normal, platform: WINDOWS, platformName: WINDOWS, proxy: Proxy(), se:cdp: ws://localhost:61856/devtoo..., se:cdpVersion: 114.0.5735.90, setWindowRect: true, strictFileInteractability: false, timeouts: {implicit: 0, pageLoad: 300000, script: 30000}, unhandledPromptBehavior: dismiss and notify, webauthn:extension:credBlob: true, webauthn:extension:largeBlob: true, webauthn:extension:minPinLength: true, webauthn:extension:prf: true, webauthn:virtualAuthenticators: true}
Session ID: 28f61eaf4b7adefd692c8ad90f63907b
at org.openqa.selenium.remote.RemoteWebDriver.execute(RemoteWebDriver.java:583)
at org.openqa.selenium.remote.RemoteWebDriver.get(RemoteWebDriver.java:328)
at TestNG_Pack.CreateAcc_TestClass.Open_the_Application(CreateAcc_TestClass.java:74)
at java.base/jdk.internal.reflect.NativeMethodAccessorImpl.invoke0(Native Method)
at java.base/jdk.internal.reflect.NativeMethodAccessorImpl.invoke(NativeMethodAccessorImpl.java:77)
at java.base/jdk.internal.reflect.DelegatingMethodAccessorImpl.invoke(DelegatingMethodAccessorImpl.java:43)
at java.base/java.lang.reflect.Method.invoke(Method.java:568)
at org.testng.internal.MethodInvocationHelper.invokeMethod(MethodInvocationHelper.java:133)
at org.testng.internal.MethodInvocationHelper.invokeMethodConsideringTimeout(MethodInvocationHelper.java:62)
at org.testng.internal.ConfigInvoker.invokeConfigurationMethod(ConfigInvoker.java:385)
at org.testng.internal.ConfigInvoker.invokeConfigurations(ConfigInvoker.java:321)
at org.testng.internal.TestInvoker.runConfigMethods(TestInvoker.java:700)
at org.testng.internal.TestInvoker.invokeMethod(TestInvoker.java:527)
at org.testng.internal.TestInvoker.invokeTestMethod(TestInvoker.java:173)
at org.testng.internal.MethodRunner.runInSequence(MethodRunner.java:46)
at org.testng.internal.TestInvoker$MethodInvocationAgent.invoke(TestInvoker.java:824)
at org.testng.internal.TestInvoker.invokeTestMethods(TestInvoker.java:146)
at org.testng.internal.TestMethodWorker.invokeTestMethods(TestMethodWorker.java:146)
at org.testng.internal.TestMethodWorker.run(TestMethodWorker.java:128)
at java.base/java.util.concurrent.ThreadPoolExecutor.runWorker(ThreadPoolExecutor.java:1136)
at java.base/java.util.concurrent.ThreadPoolExecutor$Worker.run(ThreadPoolExecutor.java:635)
at java.base/java.lang.Thread.run(Thread.java:833)
Caused by: java.io.UncheckedIOException: java.net.SocketException: Connection reset
at org.openqa.selenium.remote.http.netty.NettyHttpHandler.makeCall(NettyHttpHandler.java:80)
at org.openqa.selenium.remote.http.AddSeleniumUserAgent.lambda$apply$0(AddSeleniumUserAgent.java:42)
at org.openqa.selenium.remote.http.Filter.lambda$andFinally$1(Filter.java:56)
at org.openqa.selenium.remote.http.netty.NettyHttpHandler.execute(NettyHttpHandler.java:51)
at org.openqa.selenium.remote.http.AddSeleniumUserAgent.lambda$apply$0(AddSeleniumUserAgent.java:42)
at org.openqa.selenium.remote.http.Filter.lambda$andFinally$1(Filter.java:56)
at org.openqa.selenium.remote.http.netty.NettyClient.execute(NettyClient.java:119)
at org.openqa.selenium.remote.HttpCommandExecutor.execute(HttpCommandExecutor.java:181)
at org.openqa.selenium.remote.service.DriverCommandExecutor.invokeExecute(DriverCommandExecutor.java:164)
at org.openqa.selenium.remote.service.DriverCommandExecutor.execute(DriverCommandExecutor.java:139)
at org.openqa.selenium.remote.RemoteWebDriver.execute(RemoteWebDriver.java:559)
... 21 more
Caused by: java.net.SocketException: Connection reset
at java.base/sun.nio.ch.SocketChannelImpl.throwConnectionReset(SocketChannelImpl.java:394)
at java.base/sun.nio.ch.SocketChannelImpl.read(SocketChannelImpl.java:426)
at io.netty.buffer.PooledByteBuf.setBytes(PooledByteBuf.java:253)
at io.netty.buffer.AbstractByteBuf.writeBytes(AbstractByteBuf.java:1132)
at io.netty.channel.socket.nio.NioSocketChannel.doReadBytes(NioSocketChannel.java:350)
at io.netty.channel.nio.AbstractNioByteChannel$NioByteUnsafe.read(AbstractNioByteChannel.java:151)
at io.netty.channel.nio.NioEventLoop.processSelectedKey(NioEventLoop.java:719)
at io.netty.channel.nio.NioEventLoop.processSelectedKeysOptimized(NioEventLoop.java:655)
at io.netty.channel.nio.NioEventLoop.processSelectedKeys(NioEventLoop.java:581)
at io.netty.channel.nio.NioEventLoop.run(NioEventLoop.java:493)
at io.netty.util.concurrent.SingleThreadEventExecutor$4.run(SingleThreadEventExecutor.java:986)
at io.netty.util.internal.ThreadExecutorMap$2.run(ThreadExecutorMap.java:74)
at io.netty.util.concurrent.FastThreadLocalRunnable.run(FastThreadLocalRunnable.java:30)
... 1 more
]]>
    </error>
  </testcase> <!-- Open_the_Application -->
  <system-out/>
  <testcase classname="TestNG_Pack.CreateAcc_TestClass" name="VerifyThatUserIsAbleToClickOnCreateAccountLinkThenItWillNavigateOnUserRegistarionpage" time="0.000">
    <skipped/>
  </testcase> <!-- VerifyThatUserIsAbleToClickOnCreateAccountLinkThenItWillNavigateOnUserRegistarionpage -->
  <system-out/>
  <testcase classname="TestNG_Pack.CreateAcc_TestClass" name="VerifyThatUserIsAbleToClickOnCreateAccountLinkThenItWillNavigateOnUserRegistarionpage" time="0.084">
    <error message="Failed to decode response from marionette
Build info: version: &#039;4.0.0&#039;, revision: &#039;3a21814679&#039;
System info: host: &#039;ACER&#039;, ip: &#039;192.168.43.147&#039;, os.name: &#039;Windows 11&#039;, os.arch: &#039;amd64&#039;, os.version: &#039;10.0&#039;, java.version: &#039;17.0.5&#039;
Driver info: org.openqa.selenium.firefox.FirefoxDriver
Command: [0c9d2d27-d6b0-49ab-98f2-8ce35caf9d39, findElement {using=xpath, value=//div[@class=&#039;userRegistration ng-star-inserted&#039;]//p[text()=&#039;Create Account&#039;]}]
Capabilities {acceptInsecureCerts: true, browserName: firefox, browserVersion: 113.0.2, javascriptEnabled: true, moz:accessibilityChecks: false, moz:buildID: 20230522134052, moz:debuggerAddress: 127.0.0.1:55830, moz:geckodriverVersion: 0.32.2, moz:headless: false, moz:platformVersion: 10.0, moz:processID: 11044, moz:profile: C:\Users\sanja\AppData\Loca..., moz:shutdownTimeout: 60000, moz:useNonSpecCompliantPointerOrigin: false, moz:webdriverClick: true, moz:windowless: false, pageLoadStrategy: normal, platform: WINDOWS, platformName: WINDOWS, proxy: Proxy(), se:cdp: ws://127.0.0.1:55830/devtoo..., se:cdpVersion: 85, setWindowRect: true, strictFileInteractability: false, timeouts: {implicit: 0, pageLoad: 300000, script: 30000}, unhandledPromptBehavior: dismiss and notify}
Session ID: 0c9d2d27-d6b0-49ab-98f2-8ce35caf9d39" type="org.openqa.selenium.WebDriverException">
      <![CDATA[org.openqa.selenium.WebDriverException: Failed to decode response from marionette
Build info: version: '4.0.0', revision: '3a21814679'
System info: host: 'ACER', ip: '192.168.43.147', os.name: 'Windows 11', os.arch: 'amd64', os.version: '10.0', java.version: '17.0.5'
Driver info: org.openqa.selenium.firefox.FirefoxDriver
Command: [0c9d2d27-d6b0-49ab-98f2-8ce35caf9d39, findElement {using=xpath, value=//div[@class='userRegistration ng-star-inserted']//p[text()='Create Account']}]
Capabilities {acceptInsecureCerts: true, browserName: firefox, browserVersion: 113.0.2, javascriptEnabled: true, moz:accessibilityChecks: false, moz:buildID: 20230522134052, moz:debuggerAddress: 127.0.0.1:55830, moz:geckodriverVersion: 0.32.2, moz:headless: false, moz:platformVersion: 10.0, moz:processID: 11044, moz:profile: C:\Users\sanja\AppData\Loca..., moz:shutdownTimeout: 60000, moz:useNonSpecCompliantPointerOrigin: false, moz:webdriverClick: true, moz:windowless: false, pageLoadStrategy: normal, platform: WINDOWS, platformName: WINDOWS, proxy: Proxy(), se:cdp: ws://127.0.0.1:55830/devtoo..., se:cdpVersion: 85, setWindowRect: true, strictFileInteractability: false, timeouts: {implicit: 0, pageLoad: 300000, script: 30000}, unhandledPromptBehavior: dismiss and notify}
Session ID: 0c9d2d27-d6b0-49ab-98f2-8ce35caf9d39
at java.base/jdk.internal.reflect.NativeConstructorAccessorImpl.newInstance0(Native Method)
at java.base/jdk.internal.reflect.NativeConstructorAccessorImpl.newInstance(NativeConstructorAccessorImpl.java:77)
at java.base/jdk.internal.reflect.DelegatingConstructorAccessorImpl.newInstance(DelegatingConstructorAccessorImpl.java:45)
at java.base/java.lang.reflect.Constructor.newInstanceWithCaller(Constructor.java:499)
at java.base/java.lang.reflect.Constructor.newInstance(Constructor.java:480)
at org.openqa.selenium.remote.codec.w3c.W3CHttpResponseCodec.createException(W3CHttpResponseCodec.java:200)
at org.openqa.selenium.remote.codec.w3c.W3CHttpResponseCodec.decode(W3CHttpResponseCodec.java:133)
at org.openqa.selenium.remote.codec.w3c.W3CHttpResponseCodec.decode(W3CHttpResponseCodec.java:53)
at org.openqa.selenium.remote.HttpCommandExecutor.execute(HttpCommandExecutor.java:184)
at org.openqa.selenium.remote.service.DriverCommandExecutor.invokeExecute(DriverCommandExecutor.java:164)
at org.openqa.selenium.remote.service.DriverCommandExecutor.execute(DriverCommandExecutor.java:139)
at org.openqa.selenium.remote.RemoteWebDriver.execute(RemoteWebDriver.java:559)
at org.openqa.selenium.remote.ElementLocation$ElementFinder$2.findElement(ElementLocation.java:162)
at org.openqa.selenium.remote.ElementLocation.findElement(ElementLocation.java:60)
at org.openqa.selenium.remote.RemoteWebDriver.findElement(RemoteWebDriver.java:383)
at org.openqa.selenium.remote.RemoteWebDriver.findElement(RemoteWebDriver.java:375)
at org.openqa.selenium.support.pagefactory.DefaultElementLocator.findElement(DefaultElementLocator.java:70)
at org.openqa.selenium.support.pagefactory.internal.LocatingElementHandler.invoke(LocatingElementHandler.java:39)
at jdk.proxy2/jdk.proxy2.$Proxy25.click(Unknown Source)
at Pages.CreateAccount.ClickonCreateAccountButton(CreateAccount.java:117)
at TestNG_Pack.CreateAcc_TestClass.VerifyThatUserIsAbleToClickOnCreateAccountLinkThenItWillNavigateOnUserRegistarionpage(CreateAcc_TestClass.java:86)
at java.base/jdk.internal.reflect.NativeMethodAccessorImpl.invoke0(Native Method)
at java.base/jdk.internal.reflect.NativeMethodAccessorImpl.invoke(NativeMethodAccessorImpl.java:77)
at java.base/jdk.internal.reflect.DelegatingMethodAccessorImpl.invoke(DelegatingMethodAccessorImpl.java:43)
at java.base/java.lang.reflect.Method.invoke(Method.java:568)
at org.testng.internal.MethodInvocationHelper.invokeMethod(MethodInvocationHelper.java:133)
at org.testng.internal.TestInvoker.invokeMethod(TestInvoker.java:598)
at org.testng.internal.TestInvoker.invokeTestMethod(TestInvoker.java:173)
at org.testng.internal.MethodRunner.runInSequence(MethodRunner.java:46)
at org.testng.internal.TestInvoker$MethodInvocationAgent.invoke(TestInvoker.java:824)
at org.testng.internal.TestInvoker.invokeTestMethods(TestInvoker.java:146)
at org.testng.internal.TestMethodWorker.invokeTestMethods(TestMethodWorker.java:146)
at org.testng.internal.TestMethodWorker.run(TestMethodWorker.java:128)
at java.base/java.util.concurrent.ThreadPoolExecutor.runWorker(ThreadPoolExecutor.java:1136)
at java.base/java.util.concurrent.ThreadPoolExecutor$Worker.run(ThreadPoolExecutor.java:635)
at java.base/java.lang.Thread.run(Thread.java:833)
]]>
    </error>
  </testcase> <!-- VerifyThatUserIsAbleToClickOnCreateAccountLinkThenItWillNavigateOnUserRegistarionpage -->
  <system-out/>
  <testcase classname="TestNG_Pack.CreateAcc_TestClass" name="VerifyThatAfterNavigateOnUserRegistrationPageByDefaultUserTypeIsSelectedAsLocal" time="0.000">
    <skipped/>
  </testcase> <!-- VerifyThatAfterNavigateOnUserRegistrationPageByDefaultUserTypeIsSelectedAsLocal -->
  <system-out/>
  <testcase classname="TestNG_Pack.CreateAcc_TestClass" name="VerifyThatAfterNavigateOnUserRegistrationPageByDefaultUserTypeIsSelectedAsLocal" time="0.000">
    <skipped/>
  </testcase> <!-- VerifyThatAfterNavigateOnUserRegistrationPageByDefaultUserTypeIsSelectedAsLocal -->
  <system-out/>
  <testcase classname="TestNG_Pack.CreateAcc_TestClass" name="VerifyThatUserIsAbleToSelectUserTypeasDomain" time="0.000">
    <skipped/>
  </testcase> <!-- VerifyThatUserIsAbleToSelectUserTypeasDomain -->
  <system-out/>
  <testcase classname="TestNG_Pack.CreateAcc_TestClass" name="VerifyThatUserIsAbleToSelectUserTypeasDomain" time="0.000">
    <skipped/>
  </testcase> <!-- VerifyThatUserIsAbleToSelectUserTypeasDomain -->
  <system-out/>
  <testcase classname="TestNG_Pack.CreateAcc_TestClass" name="VerifyThatUserNameTextBoxAcceptTheStringTypeData" time="0.000">
    <skipped/>
  </testcase> <!-- VerifyThatUserNameTextBoxAcceptTheStringTypeData -->
  <system-out/>
  <testcase classname="TestNG_Pack.CreateAcc_TestClass" name="VerifyThatUserNameTextBoxAcceptTheStringTypeData" time="0.000">
    <skipped/>
  </testcase> <!-- VerifyThatUserNameTextBoxAcceptTheStringTypeData -->
  <system-out/>
  <testcase classname="TestNG_Pack.CreateAcc_TestClass" name="VerifyThatUserNameFieldAcceptStringTypeDataWithOneSpecialCharacterOrNot" time="0.000">
    <skipped/>
  </testcase> <!-- VerifyThatUserNameFieldAcceptStringTypeDataWithOneSpecialCharacterOrNot -->
  <system-out/>
  <testcase classname="TestNG_Pack.CreateAcc_TestClass" name="VerifyThatUserNameFieldAcceptStringTypeDataWithOneSpecialCharacterOrNot" time="0.000">
    <skipped/>
  </testcase> <!-- VerifyThatUserNameFieldAcceptStringTypeDataWithOneSpecialCharacterOrNot -->
  <system-out/>
  <testcase classname="TestNG_Pack.CreateAcc_TestClass" name="VerifyThatAfterPassingMoreThan50CharacterInUserNameTextBoxItWillAcceptOrNot" time="0.000">
    <skipped/>
  </testcase> <!-- VerifyThatAfterPassingMoreThan50CharacterInUserNameTextBoxItWillAcceptOrNot -->
  <system-out/>
  <testcase classname="TestNG_Pack.CreateAcc_TestClass" name="VerifyThatAfterPassingMoreThan50CharacterInUserNameTextBoxItWillAcceptOrNot" time="0.000">
    <skipped/>
  </testcase> <!-- VerifyThatAfterPassingMoreThan50CharacterInUserNameTextBoxItWillAcceptOrNot -->
  <system-out/>
  <testcase classname="TestNG_Pack.CreateAcc_TestClass" name="VerifyThatAfterClickOnUserNameTextBoxAndThenPassTheValueDirectlyInFirstNameTextBoxItWillGiveErrorUnderTheUserNameField" time="0.000">
    <skipped/>
  </testcase> <!-- VerifyThatAfterClickOnUserNameTextBoxAndThenPassTheValueDirectlyInFirstNameTextBoxItWillGiveErrorUnderTheUserNameField -->
  <system-out/>
  <testcase classname="TestNG_Pack.CreateAcc_TestClass" name="VerifyThatAfterClickOnUserNameTextBoxAndThenPassTheValueDirectlyInFirstNameTextBoxItWillGiveErrorUnderTheUserNameField" time="0.000">
    <skipped/>
  </testcase> <!-- VerifyThatAfterClickOnUserNameTextBoxAndThenPassTheValueDirectlyInFirstNameTextBoxItWillGiveErrorUnderTheUserNameField -->
  <system-out/>
  <testcase classname="TestNG_Pack.CreateAcc_TestClass" name="VerifyThatUserIsAbleToPassTheStringIntegerTypeDataInFirstNameTextBox" time="0.000">
    <skipped/>
  </testcase> <!-- VerifyThatUserIsAbleToPassTheStringIntegerTypeDataInFirstNameTextBox -->
  <system-out/>
  <testcase classname="TestNG_Pack.CreateAcc_TestClass" name="VerifyThatUserIsAbleToPassTheStringIntegerTypeDataInFirstNameTextBox" time="0.000">
    <skipped/>
  </testcase> <!-- VerifyThatUserIsAbleToPassTheStringIntegerTypeDataInFirstNameTextBox -->
  <system-out/>
  <testcase classname="TestNG_Pack.CreateAcc_TestClass" name="VerifyThatUserIsAbleToPassTheStringIntegerTypeDataInPasswordTextBox" time="0.000">
    <skipped/>
  </testcase> <!-- VerifyThatUserIsAbleToPassTheStringIntegerTypeDataInPasswordTextBox -->
  <system-out/>
  <testcase classname="TestNG_Pack.CreateAcc_TestClass" name="VerifyThatUserIsAbleToPassTheStringIntegerTypeDataInPasswordTextBox" time="0.000">
    <skipped/>
  </testcase> <!-- VerifyThatUserIsAbleToPassTheStringIntegerTypeDataInPasswordTextBox -->
  <system-out/>
  <testcase classname="TestNG_Pack.CreateAcc_TestClass" name="VerifyThatIfUserCanPassDifferentPasswordInBothPasswordAndConfirmPasswordField" time="0.000">
    <skipped/>
  </testcase> <!-- VerifyThatIfUserCanPassDifferentPasswordInBothPasswordAndConfirmPasswordField -->
  <system-out/>
  <testcase classname="TestNG_Pack.CreateAcc_TestClass" name="VerifyThatIfUserCanPassDifferentPasswordInBothPasswordAndConfirmPasswordField" time="0.000">
    <skipped/>
  </testcase> <!-- VerifyThatIfUserCanPassDifferentPasswordInBothPasswordAndConfirmPasswordField -->
  <system-out/>
  <testcase classname="TestNG_Pack.CreateAcc_TestClass" name="VerifyThatIfUserCanPassTheInvalidEmailIdInEmailIdTextBox" time="0.000">
    <skipped/>
  </testcase> <!-- VerifyThatIfUserCanPassTheInvalidEmailIdInEmailIdTextBox -->
  <system-out/>
  <testcase classname="TestNG_Pack.CreateAcc_TestClass" name="VerifyThatIfUserCanPassTheInvalidEmailIdInEmailIdTextBox" time="0.000">
    <skipped/>
  </testcase> <!-- VerifyThatIfUserCanPassTheInvalidEmailIdInEmailIdTextBox -->
  <system-out/>
  <testcase classname="TestNG_Pack.CreateAcc_TestClass" name="VerifyThatUserIsAbleToSelectAndorraCountryCodePlus376AndPassSixDigitPhoneNumber" time="0.000">
    <skipped/>
  </testcase> <!-- VerifyThatUserIsAbleToSelectAndorraCountryCodePlus376AndPassSixDigitPhoneNumber -->
  <system-out/>
  <testcase classname="TestNG_Pack.CreateAcc_TestClass" name="VerifyThatUserIsAbleToSelectAndorraCountryCodePlus376AndPassSixDigitPhoneNumber" time="0.000">
    <skipped/>
  </testcase> <!-- VerifyThatUserIsAbleToSelectAndorraCountryCodePlus376AndPassSixDigitPhoneNumber -->
  <system-out/>
  <testcase classname="TestNG_Pack.CreateAcc_TestClass" name="VerifyThatByPassingTheAllValidDataInTextBoxesClickOnCreateButtonToastMessageWillSeeOnLogInPage" time="0.000">
    <skipped/>
  </testcase> <!-- VerifyThatByPassingTheAllValidDataInTextBoxesClickOnCreateButtonToastMessageWillSeeOnLogInPage -->
  <system-out/>
  <testcase classname="TestNG_Pack.CreateAcc_TestClass" name="VerifyThatByPassingTheAllValidDataInTextBoxesClickOnCreateButtonToastMessageWillSeeOnLogInPage" time="0.000">
    <skipped/>
  </testcase> <!-- VerifyThatByPassingTheAllValidDataInTextBoxesClickOnCreateButtonToastMessageWillSeeOnLogInPage -->
  <system-out/>
</testsuite> <!-- TestNG_Pack.CreateAcc_TestClass -->
