<?xml version="1.0" encoding="UTF-8"?>
<!-- Generated by org.testng.reporters.JUnitReportReporter -->
<testsuite hostname="ACER" failures="0" tests="4" name="TestNG_Pack.HomePage_TestClass" time="103.039" errors="0" timestamp="2023-05-27T00:15:15 IST" skipped="0">
  <testcase classname="TestNG_Pack.HomePage_TestClass" name="VerifyLoginPageisOpen" time="61.033"/>
  <system-out/>
  <testcase classname="TestNG_Pack.HomePage_TestClass" name="VerifyLoginPageisOpen" time="9.297"/>
  <system-out/>
  <testcase classname="TestNG_Pack.HomePage_TestClass" name="VerifyHomePageLogInYourAccountText" time="27.744"/>
  <system-out/>
  <testcase classname="TestNG_Pack.HomePage_TestClass" name="VerifyHomePageLogInYourAccountText" time="4.965"/>
  <system-out/>
</testsuite> <!-- TestNG_Pack.HomePage_TestClass -->
