<?xml version="1.0" encoding="UTF-8"?>
<!-- Generated by org.testng.reporters.JUnitReportReporter -->
<testsuite hostname="ACER" failures="0" tests="3" name="TestNG_Pack.LoginPage_TestClass" time="64.365" errors="0" timestamp="2023-06-01T13:17:48 IST" skipped="0">
  <testcase classname="TestNG_Pack.LoginPage_TestClass" name="VerifyUserIsAbleToNavigateOnLoginPageAfterHitTheURL" time="8.436"/>
  <system-out/>
  <testcase classname="TestNG_Pack.LoginPage_TestClass" name="VerifyUserIsAbleToSeeTheTextLogIntoYourAccountAfterComingOnLoginPage" time="47.333"/>
  <system-out/>
  <testcase classname="TestNG_Pack.LoginPage_TestClass" name="VerifyThatLogInButtonIsDisplayOnLoginPageOrNot" time="8.596"/>
  <system-out/>
</testsuite> <!-- TestNG_Pack.LoginPage_TestClass -->
