<?xml version="1.0" encoding="UTF-8"?>
<!-- Generated by org.testng.reporters.JUnitReportReporter -->
<testsuite hostname="ACER" failures="0" tests="14" name="TestNG_Pack.CreateAcc_TestClass" time="1.974" errors="1" timestamp="2023-06-03T08:04:53 IST" skipped="13">
  <testcase classname="TestNG_Pack.CreateAcc_TestClass" name="OpenBrowser" time="1.974">
    <error message="Could not start a new session. Response code 500. Message: session not created: This version of ChromeDriver only supports Chrome version 112
Current browser version is 114.0.5735.90 with binary path C:\Program Files (x86)\Google\Chrome\Application\chrome.exe
Build info: version: &#039;4.0.0&#039;, revision: &#039;3a21814679&#039;
System info: host: &#039;ACER&#039;, ip: &#039;192.168.43.147&#039;, os.name: &#039;Windows 11&#039;, os.arch: &#039;amd64&#039;, os.version: &#039;10.0&#039;, java.version: &#039;17.0.5&#039;
Driver info: org.openqa.selenium.chrome.ChromeDriver
Command: [null, newSession {capabilities=[Capabilities {browserName: chrome, goog:chromeOptions: {args: [--remote-allow-origins=*], extensions: []}}], desiredCapabilities=Capabilities {browserName: chrome, goog:chromeOptions: {args: [--remote-allow-origins=*], extensions: []}}}]" type="org.openqa.selenium.SessionNotCreatedException">
      <![CDATA[org.openqa.selenium.SessionNotCreatedException: Could not start a new session. Response code 500. Message: session not created: This version of ChromeDriver only supports Chrome version 112
Current browser version is 114.0.5735.90 with binary path C:\Program Files (x86)\Google\Chrome\Application\chrome.exe
Build info: version: '4.0.0', revision: '3a21814679'
System info: host: 'ACER', ip: '192.168.43.147', os.name: 'Windows 11', os.arch: 'amd64', os.version: '10.0', java.version: '17.0.5'
Driver info: org.openqa.selenium.chrome.ChromeDriver
Command: [null, newSession {capabilities=[Capabilities {browserName: chrome, goog:chromeOptions: {args: [--remote-allow-origins=*], extensions: []}}], desiredCapabilities=Capabilities {browserName: chrome, goog:chromeOptions: {args: [--remote-allow-origins=*], extensions: []}}}]
at org.openqa.selenium.remote.ProtocolHandshake.createSession(ProtocolHandshake.java:126)
at org.openqa.selenium.remote.ProtocolHandshake.createSession(ProtocolHandshake.java:84)
at org.openqa.selenium.remote.ProtocolHandshake.createSession(ProtocolHandshake.java:62)
at org.openqa.selenium.remote.HttpCommandExecutor.execute(HttpCommandExecutor.java:156)
at org.openqa.selenium.remote.service.DriverCommandExecutor.invokeExecute(DriverCommandExecutor.java:164)
at org.openqa.selenium.remote.service.DriverCommandExecutor.execute(DriverCommandExecutor.java:139)
at org.openqa.selenium.remote.RemoteWebDriver.execute(RemoteWebDriver.java:559)
at org.openqa.selenium.remote.RemoteWebDriver.startSession(RemoteWebDriver.java:246)
at org.openqa.selenium.remote.RemoteWebDriver.<init>(RemoteWebDriver.java:168)
at org.openqa.selenium.chromium.ChromiumDriver.<init>(ChromiumDriver.java:108)
at org.openqa.selenium.chrome.ChromeDriver.<init>(ChromeDriver.java:104)
at org.openqa.selenium.chrome.ChromeDriver.<init>(ChromeDriver.java:91)
at org.openqa.selenium.chrome.ChromeDriver.<init>(ChromeDriver.java:80)
at BrowserSetup.Base.OpenChromeBrowser(Base.java:17)
at TestNG_Pack.CreateAcc_TestClass.OpenBrowser(CreateAcc_TestClass.java:49)
at java.base/jdk.internal.reflect.NativeMethodAccessorImpl.invoke0(Native Method)
at java.base/jdk.internal.reflect.NativeMethodAccessorImpl.invoke(NativeMethodAccessorImpl.java:77)
at java.base/jdk.internal.reflect.DelegatingMethodAccessorImpl.invoke(DelegatingMethodAccessorImpl.java:43)
at java.base/java.lang.reflect.Method.invoke(Method.java:568)
at org.testng.internal.MethodInvocationHelper.invokeMethod(MethodInvocationHelper.java:133)
at org.testng.internal.MethodInvocationHelper.invokeMethodConsideringTimeout(MethodInvocationHelper.java:62)
at org.testng.internal.ConfigInvoker.invokeConfigurationMethod(ConfigInvoker.java:385)
at org.testng.internal.ConfigInvoker.invokeConfigurations(ConfigInvoker.java:321)
at org.testng.TestRunner.invokeTestConfigurations(TestRunner.java:637)
at org.testng.TestRunner.beforeRun(TestRunner.java:627)
at org.testng.TestRunner.run(TestRunner.java:589)
at org.testng.SuiteRunner.runTest(SuiteRunner.java:377)
at org.testng.SuiteRunner.access$000(SuiteRunner.java:28)
at org.testng.SuiteRunner$SuiteWorker.run(SuiteRunner.java:418)
at org.testng.internal.thread.ThreadUtil.lambda$execute$0(ThreadUtil.java:64)
at java.base/java.util.concurrent.FutureTask.run(FutureTask.java:264)
at java.base/java.util.concurrent.ThreadPoolExecutor.runWorker(ThreadPoolExecutor.java:1136)
at java.base/java.util.concurrent.ThreadPoolExecutor$Worker.run(ThreadPoolExecutor.java:635)
at java.base/java.lang.Thread.run(Thread.java:833)
]]>
    </error>
  </testcase> <!-- OpenBrowser -->
  <system-out/>
  <testcase classname="TestNG_Pack.CreateAcc_TestClass" name="VerifyThatUserIsAbleToClickOnCreateAccountLinkThenItWillNavigateOnUserRegistarionpage" time="0.000">
    <skipped/>
  </testcase> <!-- VerifyThatUserIsAbleToClickOnCreateAccountLinkThenItWillNavigateOnUserRegistarionpage -->
  <system-out/>
  <testcase classname="TestNG_Pack.CreateAcc_TestClass" name="VerifyThatAfterNavigateOnUserRegistrationPageByDefaultUserTypeIsSelectedAsLocal" time="0.000">
    <skipped/>
  </testcase> <!-- VerifyThatAfterNavigateOnUserRegistrationPageByDefaultUserTypeIsSelectedAsLocal -->
  <system-out/>
  <testcase classname="TestNG_Pack.CreateAcc_TestClass" name="VerifyThatUserIsAbleToSelectUserTypeasDomain" time="0.000">
    <skipped/>
  </testcase> <!-- VerifyThatUserIsAbleToSelectUserTypeasDomain -->
  <system-out/>
  <testcase classname="TestNG_Pack.CreateAcc_TestClass" name="VerifyThatUserNameTextBoxAcceptTheStringTypeData" time="0.000">
    <skipped/>
  </testcase> <!-- VerifyThatUserNameTextBoxAcceptTheStringTypeData -->
  <system-out/>
  <testcase classname="TestNG_Pack.CreateAcc_TestClass" name="VerifyThatUserNameFieldAcceptStringTypeDataWithOneSpecialCharacterOrNot" time="0.000">
    <skipped/>
  </testcase> <!-- VerifyThatUserNameFieldAcceptStringTypeDataWithOneSpecialCharacterOrNot -->
  <system-out/>
  <testcase classname="TestNG_Pack.CreateAcc_TestClass" name="VerifyThatAfterPassingMoreThan50CharacterInUserNameTextBoxItWillAcceptOrNot" time="0.000">
    <skipped/>
  </testcase> <!-- VerifyThatAfterPassingMoreThan50CharacterInUserNameTextBoxItWillAcceptOrNot -->
  <system-out/>
  <testcase classname="TestNG_Pack.CreateAcc_TestClass" name="VerifyThatAfterClickOnUserNameTextBoxAndThenPassTheValueDirectlyInFirstNameTextBoxItWillGiveErrorUnderTheUserNameField" time="0.000">
    <skipped/>
  </testcase> <!-- VerifyThatAfterClickOnUserNameTextBoxAndThenPassTheValueDirectlyInFirstNameTextBoxItWillGiveErrorUnderTheUserNameField -->
  <system-out/>
  <testcase classname="TestNG_Pack.CreateAcc_TestClass" name="VerifyThatUserIsAbleToPassTheStringIntegerTypeDataInFirstNameTextBox" time="0.000">
    <skipped/>
  </testcase> <!-- VerifyThatUserIsAbleToPassTheStringIntegerTypeDataInFirstNameTextBox -->
  <system-out/>
  <testcase classname="TestNG_Pack.CreateAcc_TestClass" name="VerifyThatUserIsAbleToPassTheStringIntegerTypeDataInPasswordTextBox" time="0.000">
    <skipped/>
  </testcase> <!-- VerifyThatUserIsAbleToPassTheStringIntegerTypeDataInPasswordTextBox -->
  <system-out/>
  <testcase classname="TestNG_Pack.CreateAcc_TestClass" name="VerifyThatIfUserCanPassDifferentPasswordInBothPasswordAndConfirmPasswordField" time="0.000">
    <skipped/>
  </testcase> <!-- VerifyThatIfUserCanPassDifferentPasswordInBothPasswordAndConfirmPasswordField -->
  <system-out/>
  <testcase classname="TestNG_Pack.CreateAcc_TestClass" name="VerifyThatIfUserCanPassTheInvalidEmailIdInEmailIdTextBox" time="0.000">
    <skipped/>
  </testcase> <!-- VerifyThatIfUserCanPassTheInvalidEmailIdInEmailIdTextBox -->
  <system-out/>
  <testcase classname="TestNG_Pack.CreateAcc_TestClass" name="VerifyThatUserIsAbleToSelectAndorraCountryCodePlus376AndPassSixDigitPhoneNumber" time="0.000">
    <skipped/>
  </testcase> <!-- VerifyThatUserIsAbleToSelectAndorraCountryCodePlus376AndPassSixDigitPhoneNumber -->
  <system-out/>
  <testcase classname="TestNG_Pack.CreateAcc_TestClass" name="VerifyThatByPassingTheAllValidDataInTextBoxesClickOnCreateButtonToastMessageWillSeeOnLogInPage" time="0.000">
    <skipped/>
  </testcase> <!-- VerifyThatByPassingTheAllValidDataInTextBoxesClickOnCreateButtonToastMessageWillSeeOnLogInPage -->
  <system-out/>
</testsuite> <!-- TestNG_Pack.CreateAcc_TestClass -->
