<?xml version="1.0" encoding="UTF-8"?>
<!-- Generated by org.testng.reporters.JUnitReportReporter -->
<testsuite hostname="ACER" failures="0" tests="3" name="TestNG_Pack.LoginPage_TestClass" time="0.000" errors="0" timestamp="2023-06-03T08:04:53 IST" skipped="3">
  <testcase classname="TestNG_Pack.LoginPage_TestClass" name="VerifyUserIsAbleToNavigateOnLoginPageAfterHitTheURL" time="0.000">
    <skipped/>
  </testcase> <!-- VerifyUserIsAbleToNavigateOnLoginPageAfterHitTheURL -->
  <system-out/>
  <testcase classname="TestNG_Pack.LoginPage_TestClass" name="VerifyUserIsAbleToSeeTheTextLogIntoYourAccountAfterComingOnLoginPage" time="0.000">
    <skipped/>
  </testcase> <!-- VerifyUserIsAbleToSeeTheTextLogIntoYourAccountAfterComingOnLoginPage -->
  <system-out/>
  <testcase classname="TestNG_Pack.LoginPage_TestClass" name="VerifyThatLogInButtonIsDisplayOnLoginPageOrNot" time="0.000">
    <skipped/>
  </testcase> <!-- VerifyThatLogInButtonIsDisplayOnLoginPageOrNot -->
  <system-out/>
</testsuite> <!-- TestNG_Pack.LoginPage_TestClass -->
